Aug 14 00:30:00 abc-MBP newsyslog[79597]: logfile turned over
Sun Aug 14 08:23:55.927 <airport[285]> -[dpsManager handleDPSEventWithType:eventInfo:networkName:BSSID:channelInfo:isCriticalAppInUse:]_block_invoke: Ignoring non-dps events while not in monitoring period/ Ignoring DPS event while in monitoring period
Sun Aug 14 09:50:18.749 <airport[285]> Could not set property APPLE80211_REGKEY_AWDL_MAC_ADDRESS_IN_USE to 1
Sun Aug 14 09:50:18.752 <airport[285]> Could not set property APPLE80211_REGKEY_AWDL_MAC_ADDRESS_IN_USE to 0
Sun Aug 14 10:51:19.239 <airport[285]> -[dpsManager handleDPSEventWithType:eventInfo:networkName:BSSID:channelInfo:isCriticalAppInUse:]_block_invoke: Ignoring non-dps events while not in monitoring period/ Ignoring DPS event while in monitoring period
Sun Aug 14 10:51:19.251 Usb Host Notification Error Apple80211Set: Device power is off seqNum 16 Total 4 chg 1 en0
Sun Aug 14 10:51:19.272 <airport[285]> _handleLinkEvent: WiFi is not powered. Resetting state variables.
Sun Aug 14 10:51:19.314 <airport[285]> -[dpsManager handleDPSEventWithType:eventInfo:networkName:BSSID:channelInfo:isCriticalAppInUse:]_block_invoke: Ignoring non-dps events while not in monitoring period/ Ignoring DPS event while in monitoring period
Sun Aug 14 10:51:19.316 Usb Host Notification Error Apple80211Set: Device power is off seqNum 17 Total 4 chg 1 en0
Sun Aug 14 10:51:19.321 <kernel> IO80211VirtualInterface::handleSIOCSIFFLAGS : Source handleIoctlGated calling peerManager->disable
Sun Aug 14 10:51:19.421 <airport[285]> _ipv6EventCallback: Unable to update NDP offload settings (Device power is off)
Sun Aug 14 10:51:19.426 <airport[285]> _processIPv4Changes: Unable to update ARP offload settings (Device power is off)
Sun Aug 14 10:51:21.230 <airport[285]> -[dpsManager handleDPSEventWithType:eventInfo:networkName:BSSID:channelInfo:isCriticalAppInUse:]_block_invoke: Ignoring non-dps events while not in monitoring period/ Ignoring DPS event while in monitoring period
Sun Aug 14 10:51:21.235 Usb Host Notification Apple80211Set: seqNum 18 Total 4 chg 1 en0
Sun Aug 14 10:51:21.235 <kernel> IO80211VirtualInterface::handleSIOCSIFFLAGS : Source handleIoctlGated calling peerManager->enable
Sun Aug 14 10:51:21.346 Usb Host Notification Apple80211Set: seqNum 19 Total 4 chg 1 en0
Sun Aug 14 10:51:22.545 <airport[285]> ERROR: rapportd (513) is not entitled for com.apple.wifi.join_history, will not allow request
Sun Aug 14 10:51:22.552 <airport[285]> ERROR: sharingd (542) is not entitled for com.apple.wifi.join_history, will not allow request
Sun Aug 14 10:51:22.567 <airport[285]> -[dpsManager handleDPSEventWithType:eventInfo:networkName:BSSID:channelInfo:isCriticalAppInUse:]_block_invoke: Ignoring non-dps events while not in monitoring period/ Ignoring DPS event while in monitoring period
Sun Aug 14 10:51:22.577 <airport[285]> ERROR: sharingd (542) is not entitled for com.apple.wifi.join_history, will not allow request
Sun Aug 14 10:51:22.585 <airport[285]> ERROR: rapportd (513) is not entitled for com.apple.wifi.join_history, will not allow request
Sun Aug 14 10:51:22.585 <airport[285]> ERROR: sharingd (542) is not entitled for com.apple.wifi.join_history, will not allow request
Sun Aug 14 10:51:22.602 <airport[285]> ERROR: rapportd (513) is not entitled for com.apple.wifi.join_history, will not allow request
Sun Aug 14 10:51:22.602 <airport[285]> ERROR: sharingd (542) is not entitled for com.apple.wifi.join_history, will not allow request
Sun Aug 14 10:51:22.625 <airport[285]> ERROR: rapportd (513) is not entitled for com.apple.wifi.join_history, will not allow request
Sun Aug 14 10:51:23.325 <airport[285]> -[dpsManager handleDPSEventWithType:eventInfo:networkName:BSSID:channelInfo:isCriticalAppInUse:]_block_invoke: Ignoring non-dps events while not in monitoring period/ Ignoring DPS event while in monitoring period
Sun Aug 14 10:51:23.361 <airport[285]> -[dpsManager handleDPSEventWithType:eventInfo:networkName:BSSID:channelInfo:isCriticalAppInUse:]_block_invoke: Ignoring non-dps events while not in monitoring period/ Ignoring DPS event while in monitoring period